libdruntime-devel-static
      dmd-2.097.0-altsisyphus+274574.100.1.1@1623751728

libphobos2-devel-static
      dmd-2.097.0-altsisyphus+274574.100.1.1@1623751728

libcom_err-devel-static
      libss-devel-static-1.46.2.0.16.f114-altsisyphus+278100.1000.1.1@1626056805

libss-devel-static
      libe2fs-devel-static-1.46.2.0.16.f114-altsisyphus+278100.1000.1.1@1626056805

libasm-devel-static
      elfutils-devel-static-0.185-altsisyphus+279621.600.1.1@1626628381

libdw-devel-static
      libasm-devel-static-0.185-altsisyphus+279621.600.1.1@1626628381

libelf-devel-static
      libdw-devel-static-0.185-altsisyphus+279621.600.1.1@1626628381


glibc-devel-static
      zlib-devel-static-1.2.11-altsisyphus+283721.100.1.1@1629847002
      libwine-devel-static-5.3.1-alt3@1584277447
      libusbip-devel-static-2.0.4-altsisyphus+269110.100.1.1@1617769942
      liboscillograph-gtkmm-devel-static-0.5-eter8.Build2@1416832421
      libavdevice-devel-static-9.9-eter2.Build1@1380691812
      libgridGraphics-devel-static-0.3-eter1.setri2@1246832386
      zlib-ng-devel-static-2.0.5-altsisyphus+275681.100.1.1@1624698201
      libzbar-qt5-devel-static-0.23.92-altsisyphus+277278.100.1.2@1625464766
      libzbar-gtk3-devel-static-0.23.92-altsisyphus+277278.100.1.2@1625464766
      libzbar-devel-static-0.23.92-altsisyphus+277278.100.1.2@1625464766
      liblzma-devel-static-5.2.5-altsisyphus+279621.500.1.1@1626628194
      libxpa-devel-static-2.1.20-altsisyphus+266516.100.2.1@1613634039
      libxosd-devel-static-2.2.14-altsisyphus+257495.100.1.1@1599320439
      libmercury-devel-static-3.1.1-altsisyphus+282908.100.2.1@1629119146
      libcobalt-devel-static-3.1.1-altsisyphus+282908.100.2.1@1629119146
      libxdrfile-devel-static-1.1.1-alt2.qa1@1366411974
      libxblas-devel-static-1.0.248-alt1.sisyphus+278277.100.1.1@1626083683
      libwxsvg-devel-static-1.5.22-alt2:sisyphus+276609.1700.27.1@1626093464
      libwvstreams-devel-static-4.6.1-altsisyphus+264330.100.1.1@1609829294
      libvmclient-devel-static-1.5.0.2-alt2@1386222376
      libuuid-devel-static-2.36.1-altsisyphus+281225.100.1.1@1627470187
      libsmartcols-devel-static-2.36.1-altsisyphus+281225.100.1.1@1627470187
      libmount-devel-static-2.36.1-altsisyphus+281225.100.1.1@1627470187
      libfdisk-devel-static-2.36.1-altsisyphus+281225.100.1.1@1627470187
      libustr-devel-static-1.0.4-altsisyphus+278194.100.1.1@1626076511
      unibilium-devel-static-2.0.0-alt1@1531298278
      libudis86-devel-static-1.7-alt1.qasisyphus+277747.100.1.1@1625794625
      libuchardet-devel-static-0.0.5-alt1.sisyphus+279254.100.1.2@1626480227
      toxcore-devel-static-0.1.11-altsisyphus+223176.100.1.1@1551279441
      libtokyotyrant-devel-static-1.1.40-alt1.sisyphus+275190.100.1.1@1624415934
      libtokyodystopia-devel-static-0.9.13-alt2.qa1@1365988843
      libtokyocabinet-devel-static-1.4.47-altsisyphus+278333.100.1.1@1626089735
      tdlib-devel-static-1.6.0-altsisyphus+258891.100.1.1@1601396267
      libtcc-devel-static-0.9.27-alt3.740.g347csisyphus+270249.100.1.1@1618759307
      libudev-devel-static-249.3-alt2:sisyphus+283608.200.2.1@1629729370
      libsystemd-devel-static-249.3-alt2:sisyphus+283608.200.2.1@1629729370
      libsysfs-devel-static-2.1.0-altsisyphus+276104.100.1.2@1624870061
      libstk-devel-static-4.5.0-alt1.sisyphus+275186.100.1.1@1624415410
      libfuzzy-devel-static-2.13-altsisyphus+277807.100.1.1@1625822057
      libsprng1-devel-static-1.0-altsisyphus+223539.100.1.2@1551674757
      libsphinxclient-devel-static-2.3.2-altsisyphus+279268.100.1.1@1626462376
      libspeex-devel-static-1.2-altsisyphus+276256.100.1.2@1624929278
      libsox-devel-static-14.4.2-altsisyphus+278544.100.1.2@1626246183
      libsowing-devel-static-1.1.25-altsisyphus+278468.100.1.2@1626224416
      libsmpeg-devel-static-0.4.5-alt3.svnsisyphus+275459.100.1.2@1624514908
      libslang2-devel-static-2.3.2-altsisyphus+278026.100.1.2@1625979662
      libscorep-devel-static-6.0-altsisyphus+263030.100.1.1@1607349686
      libsablotron-devel-static-1.0.3-altsisyphus+222993.100.1.1@1551394864
      libruby-devel-static-2.7.3-alt1.sisyphus+270592.200.2.1@1619227151
      librocksdb-devel-static-6.14.6-alt1.sisyphus+277272.100.1.2@1625457508
      librhash-devel-static-1.3.5-altsisyphus+278212.100.1.1@1626077717
      libreiser4-minimal-devel-static-1.2.1-altsisyphus+279079.100.1.1@1626375648
      libreiser4-devel-static-1.2.1-altsisyphus+279079.100.1.1@1626375648
      libreadline5-devel-static-5.2.14-altsisyphus+223385.100.1.1@1551485658
      libreadline-devel-static-7.0.3-altsisyphus+278099.3700.1.1@1626030606
      librandom-devel-static-20080825-altsisyphus+223534.100.1.1@1551652672
      qt5-tools-devel-static-5.15.2-altsisyphus+279501.100.1.2@1626580005
      qt5-declarative-devel-static-5.15.2-altsisyphus+279790.100.1.1@1626722312
      qt5-base-devel-static-5.15.2-altsisyphus+279826.100.1.1@1626773219
      libqt3-devel-static-3.3.8d-altsisyphus+282124.100.1.1@1628327825
      python-devel-static-2.7.18-altsisyphus+281948.100.1.1@1628099276
      libprogsreiserfs-devel-static-0.3.0.5-altsisyphus+278371.100.1.1@1626092457
      postgresql-devel-static-13.4-altsisyphus+282393.100.1.1@1628660446
      libperfctr-devel-static-2.6.42-alt1@1302313663
      libpcre2-devel-static-10.37-altsisyphus+279542.100.1.1@1626557444
      libpcre-devel-static-8.45-altsisyphus+283722.100.1.2@1629848198
      libparted-devel-static-3.2-altsisyphus+278024.100.1.2@1625979659
      libotf-devel-static-1.2.18-altsisyphus+258188.100.1.1@1600298606
      libssl-devel-static-1.1.1l-altsisyphus+283685.100.1.1@1629815887
      libldap-devel-static-2.4.59-altsisyphus+282933.100.1.1@1629124747
      libnss-devel-static-3.69.0-altsisyphus+282383.400.1.1@1628628604
      libnspr-devel-static-4.32-alt1:sisyphus+282383.200.1.1@1628625907
      libnilfs-devel-static-2.2.7-altsisyphus+278522.100.1.1@1626108330
      libnftables-devel-static-1.0.0-alt1:sisyphus+283481.100.1.1@1629425903
      libnewt-devel-static-0.52.16-altsisyphus+278847.100.1.2@1626297856
      libucd-snmp-devel-static-5.8-altsisyphus+274516.10000.1.1@1623617097
      libnet-snmp-devel-static-5.8-altsisyphus+274516.10000.1.1@1623617097
      libtinfo-devel-static-6.2.20210123-altsisyphus+279621.1300.1.1@1626630601
      libaudio-devel-static-1.9.4-alt3.gitsisyphus+279342.100.1.1@1626477249
      libmxml-devel-static-3.2-altsisyphus+279008.100.1.1@1626352269
      libmusitorius-devel-static-0.4.0-alt2@1304587201
      libmpeg2-devel-static-0.5.1-alt3.svnsisyphus+275423.100.1.2@1624507818
      libmodsecurity-devel-static-3.0.5-altsisyphus+279411.140.2.1@1626497421
      libmjpegtools-devel-static-2.2.0-altsisyphus+279334.100.1.2@1626508339
      libmiredo-devel-static-1.2.6-alt2.gite5fsisyphus+276928.100.1.1@1625299794
      libminidjvu-devel-static-0.8-alt1.2@1349421645
      libmcpp-devel-static-2.7.2-altsisyphus+222938.100.1.1@1551279826
      libmailutils-devel-static-3.12-altsisyphus+258742.1400.16.1@1614710677
      libmISDN-devel-static-1.1.5-alt3.1@1529805855
      liblzo2-devel-static-2.10-altsisyphus+278100.4100.1.1@1626059477
      libdevmapper-devel-static-1.02.179-altsisyphus+283298.100.3.1@1629308567
      libluajit-devel-static-2.1-alt11.git3f9389edsisyphus+275545.100.1.1@1624470308
      liblua5.3-devel-static-5.3.5-altsisyphus+278158.1000.1.1@1626050401
      liblua5.1-devel-static-5.1.5-altsisyphus+278018.100.1.2@1625976910
      llvm12.0-devel-static-12.0.1-altsisyphus+282334.200.3.1@1628702371
      clang12.0-devel-static-12.0.1-altsisyphus+282334.200.3.1@1628702371
      llvm11.0-devel-static-11.0.1-altsisyphus+282475.200.2.1@1628767930
      clang11.0-devel-static-11.0.1-altsisyphus+282475.200.2.1@1628767930
      liblksctp-devel-static-1.0.17-altsisyphus+278225.100.1.1@1626079186
      libxprintutil-devel-static-1.0.1-altsisyphus+235205.100.1.2@1564541869
      libxf86config-devel-static-1.0-alt2.qasisyphus+275414.100.1.3@1624506128
      libusb-devel-static-1.0.24-altsisyphus+279483.100.1.1@1626549441
      liburing-devel-static-2.0-altsisyphus+279638.100.1.1@1626638732
      libltdl7-devel-static-2.4.6-altsisyphus+279621.400.1.1@1626628072
      libtommath-devel-static-1.1.0-altsisyphus+275406.100.1.2@1624504724
      libtomcrypt-devel-static-1.18.2-altsisyphus+278509.100.1.2@1626236449
      libtermkey-devel-static-0.20-altsisyphus+253840.40.2.1@1592836541
      libsz2-devel-static-2.1-alt4@1300649105
      libsrtp-devel-static-1.5.4-altsisyphus+278193.100.1.1@1626076331
      libsodium-devel-static-1.0.18-altsisyphus+279527.100.1.1@1626555762
      libsieve-devel-static-2.2.5-altsisyphus+269100.100.1.1@1617758382
      libsidplayfp-devel-static-1.8.7-altsisyphus+275735.100.1.1@1624751285
      libsepol-devel-static-3.2-alt1:sisyphus+279273.100.1.1@1626468002
      libsemanage-devel-static-3.2-alt1:sisyphus+279275.100.1.3@1626487701
      libselinux-devel-static-3.2-alt1:sisyphus+278158.600.1.1@1626050231
      libsdp-devel-static-1.1.108-alt1.0.17.ga6958efsisyphus+260818.100.1.1@1604407146
      libscalapack-devel-static-2.1.0-altsisyphus+270524.100.1.1@1619166548
      librx-devel-static-1.5-alt8.1@1449336636
      libraw-devel-static-0.20.2-altsisyphus+277232.100.1.1@1625418073
      libpopt-devel-static-1.16-alt1:sisyphus+278099.2300.1.1@1626029585
      libpki-devel-static-0.8.9-alt4.gitsisyphus+240474.100.1.1@1573217544
      libparsifal-devel-static-1.1.0-alt4@1297346720
      libopenh264-devel-static-2.1.1-altsisyphus+277051.101.7.1@1625356154
      libomniORB-devel-static-4.2.4-altsisyphus+270625.40.2.1@1619280048
      libnftnl-devel-static-1.2.0-altsisyphus+279538.100.1.1@1626556970
      libncursesxx-devel-static-0.0.1-altsisyphus+275246.100.1.2@1624456956
      libmtsupport-devel-static-0.0.1-alt3.qa4@1447387956
      libmtquery-devel-static-0.0.1-alt3.1.qa4@1447388113
      libmozjs78-devel-static-78.11.0-altsisyphus+277586.100.1.1@1625709435
      libmimalloc-devel-static-1.0-alt1.sisyphus+273307.100.1.1@1622556854
      libmilter-devel-static-8.14.3_1-alt1_sisyphus+238377.100.1.1@1569848605
      libmhash-devel-static-0.9.9.9-altsisyphus+275372.100.1.2@1624493878
      libmcrypt-devel-static-2.5.8-altsisyphus+275371.100.1.2@1624493890
      libmaa-devel-static-1.4.7-altsisyphus+278987.100.1.1@1626350321
      libleptonica-devel-static-1.73-altsisyphus+278413.100.1.1@1626097544
      liblcms-devel-static-1.19-altsisyphus+276246.100.1.2@1624927485
      liblbxutil-devel-static-1.1.0-altsisyphus+269078.100.1.1@1617733671
      libjpeg-devel-static-2.0.6-alt3:sisyphus+276287.100.3.1@1625270396
      libitpack-devel-static-1998-alt4.sisyphus+249294.100.1.1@1585928017
      libilbc-devel-static-0.6-altsisyphus+275366.100.2.1@1624907967
      libiec61850-devel-static-1.4.2.1-altsisyphus+263085.100.2.1@1607439940
      libhtp-devel-static-0.5.36-alt1:sisyphus+263732.100.1.1@1608566989
      libglui-devel-static-2.36-alt1.qasisyphus+223676.100.1.1@1551740812
      libgii-devel-static-1.0.2-alt3.qa2@1328352225
      libggi-devel-static-2.2.2-alt3.1@1328351216
      libgdsii-devel-static-0.21-altsisyphus+235524.100.1.1@1565027974
      libgavl-devel-static-1.4.0-altsisyphus+278241.100.1.1@1626080417
      libftdipp1-devel-static-1.5-altsisyphus+279318.100.1.2@1626503438
      libftdi1-devel-static-1.5-altsisyphus+279318.100.1.2@1626503438
      libffi-devel-static-3.3-alt1:sisyphus+278158.300.1.1@1626050055
      libfacet-devel-static-0.0.1-alt3.qa4@1447388000
      libexempi-devel-static-2.5.2-altsisyphus+277229.100.1.1@1625417609
      libev-devel-static-4.33-altsisyphus+279015.100.1.1@1626353403
      libenet-devel-static-1.3.13-alt1@1442225973
      libelfin-devel-static-0.3-altsisyphus+260043.100.1.1@1602961152
      libecap-devel-static-1.0.1-altsisyphus+275240.100.1.2@1624453461
      libdv-devel-static-1.0.0-alt5.sisyphus+275352.100.1.2@1624489752
      libdmtx-devel-static-0.7.5-alt1.sisyphus+279323.100.1.1@1626475556
      libdha-devel-static-1.0-alt1.qa1@1365953062
      libdbi-drivers-devel-static-0.9.0-alt6:sisyphus+244907.100.1.1@1579836679
      libdbi-devel-static-0.9.0-alt2:sisyphus+277202.100.1.1@1625414202
      libdb5.3-devel-static-5.3.28-altsisyphus+275347.100.1.2@1624487444
      libdb4.8-devel-static-4.8.30-altsisyphus+275346.100.1.2@1624487322
      libdb4.7-devel-static-4.7.25-altsisyphus+279812.100.2.1@1626734823
      libdb1-devel-static-1.85-alt8@1365301556
      libcryptopp-devel-static-8.5.0-altsisyphus+277655.100.1.1@1625746896
      libcoredumper-devel-static-1.2.1-alt2.sisyphus+269099.100.1.1@1617747802
      libconfig-devel-static-1.5-altsisyphus+277201.100.1.1@1625414187
      libconfig-c++-devel-static-1.5-altsisyphus+277201.100.1.1@1625414187
      libcomedi-devel-static-0.12.0-altsisyphus+265177.100.1.1@1611517478
      libco-devel-static-20-altsisyphus+278306.100.1.1@1626086292
      libcityhash-devel-static-1.1.1-alt1@1377539320
      libcap-devel-static-2.27.0.2.ac1e-alt4:sisyphus+283724.100.1.3@1629848802
      libbtree-devel-static-0.0.1-alt3.qa4@1447388045
      libbpf-devel-static-0.4.0-altsisyphus+279574.100.1.1@1626561430
      libbenchmark-devel-static-1.5.6-altsisyphus+283477.100.1.1@1629405722
      libayemu-devel-static-1.0.0-alt2.qa1@1365952524
      libavc1394-devel-static-0.5.4-alt1.qasisyphus+275725.100.1.1@1624750182
      libatomic_ops-devel-static-7.6.8-altsisyphus+275340.100.1.2@1624487103
      libarpack-ng-devel-static-3.8.0-altsisyphus+275337.100.1.3@1624486333
      libaom-devel-static-3.1.2-altsisyphus+281152.100.1.1@1627398753
      libaio-devel-static-0.3.112-altsisyphus+275617.100.1.1@1624555851
      libaal-minimal-devel-static-1.0.7-altsisyphus+278506.100.1.1@1626106396
      libaal-devel-static-1.0.7-altsisyphus+278506.100.1.1@1626106396
      lesstif-devel-static-0.95.2-altsisyphus+275086.100.1.1@1624401956
      libldns-devel-static-1.7.1-alt2.git.e99accbsisyphus+283165.100.1.1@1629211844
      libjs-devel-static-1.7.0-altsisyphus+233174.100.1.1@1561467443
      libipmiutil-devel-static-3.1.3-altsisyphus+277673.100.1.1@1625736552
      libicecc-devel-static-1.0.1-alt2@1375118579
      libhwinfo-devel-static-21.23-alt1.sisyphus+278830.100.1.1@1626221122
      libhttrack-devel-static-3.45.3-alt1.1.qa1@1531422555
      libHTSEngine-devel-static-1.03-alt1.qa1@1366062086
      libhiredis-devel-static-0.14.1-altsisyphus+278452.100.1.2@1626219647
      hackrf-devel-static-2021.03.1-altsisyphus+276122.100.1.1@1624812414
      libgsoap-devel-static-2.8.102-altsisyphus+278983.100.1.1@1626350493
      libgpm-devel-static-1.20.1-alt18.sisyphus+278099.1500.1.1@1626028820
      libgmp-devel-static-6.2.1-altsisyphus+281716.40.2.1@1627987030
      glib2-devel-static-2.68.4-altsisyphus+283495.100.1.1@1629451583
      libvtv9-devel-static-9.3.1-altsisyphus+277605.100.1.1@1625717964
      libubsan9-devel-static-9.3.1-altsisyphus+277605.100.1.1@1625717964
      libtsan9-devel-static-9.3.1-altsisyphus+277605.100.1.1@1625717964
      libstdc++9-devel-static-9.3.1-altsisyphus+277605.100.1.1@1625717964
      libquadmath9-devel-static-9.3.1-altsisyphus+277605.100.1.1@1625717964
      libobjc9-devel-static-9.3.1-altsisyphus+277605.100.1.1@1625717964
      liblsan9-devel-static-9.3.1-altsisyphus+277605.100.1.1@1625717964
      libitm9-devel-static-9.3.1-altsisyphus+277605.100.1.1@1625717964
      libgphobos9-devel-static-9.3.1-altsisyphus+277605.100.1.1@1625717964
      libgomp9-devel-static-9.3.1-altsisyphus+277605.100.1.1@1625717964
      libgo9-devel-static-9.3.1-altsisyphus+277605.100.1.1@1625717964
      libgfortran9-devel-static-9.3.1-altsisyphus+277605.100.1.1@1625717964
      libgdruntime9-devel-static-9.3.1-altsisyphus+277605.100.1.1@1625717964
      libatomic9-devel-static-9.3.1-altsisyphus+277605.100.1.1@1625717964
      libasan9-devel-static-9.3.1-altsisyphus+277605.100.1.1@1625717964
      libvtv8-devel-static-8.4.1-altsisyphus+277604.100.1.1@1625716201
      libubsan8-devel-static-8.4.1-altsisyphus+277604.100.1.1@1625716201
      libtsan8-devel-static-8.4.1-altsisyphus+277604.100.1.1@1625716201
      libstdc++8-devel-static-8.4.1-altsisyphus+277604.100.1.1@1625716201
      libquadmath8-devel-static-8.4.1-altsisyphus+277604.100.1.1@1625716201
      libobjc8-devel-static-8.4.1-altsisyphus+277604.100.1.1@1625716201
      libmpx8-devel-static-8.4.1-altsisyphus+277604.100.1.1@1625716201
      liblsan8-devel-static-8.4.1-altsisyphus+277604.100.1.1@1625716201
      libitm8-devel-static-8.4.1-altsisyphus+277604.100.1.1@1625716201
      libgomp8-devel-static-8.4.1-altsisyphus+277604.100.1.1@1625716201
      libgo8-devel-static-8.4.1-altsisyphus+277604.100.1.1@1625716201
      libgfortran8-devel-static-8.4.1-altsisyphus+277604.100.1.1@1625716201
      libatomic8-devel-static-8.4.1-altsisyphus+277604.100.1.1@1625716201
      libasan8-devel-static-8.4.1-altsisyphus+277604.100.1.1@1625716201
      libvtv7-devel-static-7.3.1-altsisyphus+270600.100.1.1@1619239064
      libubsan7-devel-static-7.3.1-altsisyphus+270600.100.1.1@1619239064
      libtsan7-devel-static-7.3.1-altsisyphus+270600.100.1.1@1619239064
      libstdc++7-devel-static-7.3.1-altsisyphus+270600.100.1.1@1619239064
      libquadmath7-devel-static-7.3.1-altsisyphus+270600.100.1.1@1619239064
      libobjc7-devel-static-7.3.1-altsisyphus+270600.100.1.1@1619239064
      libmpx7-devel-static-7.3.1-altsisyphus+270600.100.1.1@1619239064
      liblsan7-devel-static-7.3.1-altsisyphus+270600.100.1.1@1619239064
      libitm7-devel-static-7.3.1-altsisyphus+270600.100.1.1@1619239064
      libgomp7-devel-static-7.3.1-altsisyphus+270600.100.1.1@1619239064
      libgo7-devel-static-7.3.1-altsisyphus+270600.100.1.1@1619239064
      libgfortran7-devel-static-7.3.1-altsisyphus+270600.100.1.1@1619239064
      libcilkrts7-devel-static-7.3.1-altsisyphus+270600.100.1.1@1619239064
      libatomic7-devel-static-7.3.1-altsisyphus+270600.100.1.1@1619239064
      libasan7-devel-static-7.3.1-altsisyphus+270600.100.1.1@1619239064
      libvtv6-devel-static-6.3.1-altsisyphus+270599.200.2.1@1619240986
      libubsan6-devel-static-6.3.1-altsisyphus+270599.200.2.1@1619240986
      libtsan6-devel-static-6.3.1-altsisyphus+270599.200.2.1@1619240986
      libstdc++6-devel-static-6.3.1-altsisyphus+270599.200.2.1@1619240986
      libquadmath6-devel-static-6.3.1-altsisyphus+270599.200.2.1@1619240986
      libobjc6-devel-static-6.3.1-altsisyphus+270599.200.2.1@1619240986
      libmpx6-devel-static-6.3.1-altsisyphus+270599.200.2.1@1619240986
      liblsan6-devel-static-6.3.1-altsisyphus+270599.200.2.1@1619240986
      libitm6-devel-static-6.3.1-altsisyphus+270599.200.2.1@1619240986
      libgomp6-devel-static-6.3.1-altsisyphus+270599.200.2.1@1619240986
      libgfortran6-devel-static-6.3.1-altsisyphus+270599.200.2.1@1619240986
      libcilkrts6-devel-static-6.3.1-altsisyphus+270599.200.2.1@1619240986
      libatomic6-devel-static-6.3.1-altsisyphus+270599.200.2.1@1619240986
      libasan6-devel-static-6.3.1-altsisyphus+270599.200.2.1@1619240986
      libvtv5-devel-static-5.3.1-altsisyphus+270598.100.1.1@1619237979
      libubsan5-devel-static-5.3.1-altsisyphus+270598.100.1.1@1619237979
      libtsan5-devel-static-5.3.1-altsisyphus+270598.100.1.1@1619237979
      libstdc++5-devel-static-5.3.1-altsisyphus+270598.100.1.1@1619237979
      libquadmath5-devel-static-5.3.1-altsisyphus+270598.100.1.1@1619237979
      libobjc5-devel-static-5.3.1-altsisyphus+270598.100.1.1@1619237979
      liblsan5-devel-static-5.3.1-altsisyphus+270598.100.1.1@1619237979
      libitm5-devel-static-5.3.1-altsisyphus+270598.100.1.1@1619237979
      libgomp5-devel-static-5.3.1-altsisyphus+270598.100.1.1@1619237979
      libgfortran5-devel-static-5.3.1-altsisyphus+270598.100.1.1@1619237979
      libcilkrts5-devel-static-5.3.1-altsisyphus+270598.100.1.1@1619237979
      libatomic5-devel-static-5.3.1-altsisyphus+270598.100.1.1@1619237979
      libasan5-devel-static-5.3.1-altsisyphus+270598.100.1.1@1619237979
      libvtv4.9-devel-static-4.9.2-altsisyphus+270597.100.1.1@1619237133
      libubsan4.9-devel-static-4.9.2-altsisyphus+270597.100.1.1@1619237133
      libtsan4.9-devel-static-4.9.2-altsisyphus+270597.100.1.1@1619237133
      libstdc++4.9-devel-static-4.9.2-altsisyphus+270597.100.1.1@1619237133
      libquadmath4.9-devel-static-4.9.2-altsisyphus+270597.100.1.1@1619237133
      libobjc4.9-devel-static-4.9.2-altsisyphus+270597.100.1.1@1619237133
      liblsan4.9-devel-static-4.9.2-altsisyphus+270597.100.1.1@1619237133
      libitm4.9-devel-static-4.9.2-altsisyphus+270597.100.1.1@1619237133
      libgomp4.9-devel-static-4.9.2-altsisyphus+270597.100.1.1@1619237133
      libgfortran4.9-devel-static-4.9.2-altsisyphus+270597.100.1.1@1619237133
      libcilkrts4.9-devel-static-4.9.2-altsisyphus+270597.100.1.1@1619237133
      libatomic4.9-devel-static-4.9.2-altsisyphus+270597.100.1.1@1619237133
      libasan4.9-devel-static-4.9.2-altsisyphus+270597.100.1.1@1619237133
      libtsan4.8-devel-static-4.8.2-altsisyphus+238672.100.1.1@1570200939
      libstdc++4.8-devel-static-4.8.2-altsisyphus+238672.100.1.1@1570200939
      libquadmath4.8-devel-static-4.8.2-altsisyphus+238672.100.1.1@1570200939
      libobjc4.8-devel-static-4.8.2-altsisyphus+238672.100.1.1@1570200939
      libmudflap4.8-devel-static-4.8.2-altsisyphus+238672.100.1.1@1570200939
      libitm4.8-devel-static-4.8.2-altsisyphus+238672.100.1.1@1570200939
      libgomp4.8-devel-static-4.8.2-altsisyphus+238672.100.1.1@1570200939
      libgfortran4.8-devel-static-4.8.2-altsisyphus+238672.100.1.1@1570200939
      libatomic4.8-devel-static-4.8.2-altsisyphus+238672.100.1.1@1570200939
      libasan4.8-devel-static-4.8.2-altsisyphus+238672.100.1.1@1570200939
      libstdc++4.7-devel-static-4.7.2-altsisyphus+238674.200.2.1@1570205505
      libquadmath4.7-devel-static-4.7.2-altsisyphus+238674.200.2.1@1570205505
      libobjc4.7-devel-static-4.7.2-altsisyphus+238674.200.2.1@1570205505
      libmudflap4.7-devel-static-4.7.2-altsisyphus+238674.200.2.1@1570205505
      libgomp4.7-devel-static-4.7.2-altsisyphus+238674.200.2.1@1570205505
      libgo4.7-devel-static-4.7.2-altsisyphus+238674.200.2.1@1570205505
      libgfortran4.7-devel-static-4.7.2-altsisyphus+238674.200.2.1@1570205505
      libstdc++4.6-devel-static-4.6.3-altsisyphus+238675.300.3.1@1570205909
      libquadmath4.6-devel-static-4.6.3-altsisyphus+238675.300.3.1@1570205909
      libobjc4.6-devel-static-4.6.3-altsisyphus+238675.300.3.1@1570205909
      libmudflap4.6-devel-static-4.6.3-altsisyphus+238675.300.3.1@1570205909
      libgomp4.6-devel-static-4.6.3-altsisyphus+238675.300.3.1@1570205909
      libgfortran4.6-devel-static-4.6.3-altsisyphus+238675.300.3.1@1570205909
      libstdc++4.5-devel-static-4.5.4-altsisyphus+238679.100.1.1@1570206416
      libobjc4.5-devel-static-4.5.4-altsisyphus+238679.100.1.1@1570206416
      libmudflap4.5-devel-static-4.5.4-altsisyphus+238679.100.1.1@1570206416
      libgomp4.5-devel-static-4.5.4-altsisyphus+238679.100.1.1@1570206416
      libgfortran4.5-devel-static-4.5.4-altsisyphus+238679.100.1.1@1570206416
      libstdc++4.4-devel-static-4.4.7-altsisyphus+238680.100.1.1@1570207301
      libobjc4.4-devel-static-4.4.7-altsisyphus+238680.100.1.1@1570207301
      libmudflap4.4-devel-static-4.4.7-altsisyphus+238680.100.1.1@1570207301
      libgomp4.4-devel-static-4.4.7-altsisyphus+238680.100.1.1@1570207301
      libgfortran4.4-devel-static-4.4.7-altsisyphus+238680.100.1.1@1570207301
      libstdc++4.3-devel-static-4.3.2-altsisyphus+270052.300.3.1@1618582141
      libobjc4.3-devel-static-4.3.2-altsisyphus+270052.300.3.1@1618582141
      libmudflap4.3-devel-static-4.3.2-altsisyphus+270052.300.3.1@1618582141
      libgomp4.3-devel-static-4.3.2-altsisyphus+270052.300.3.1@1618582141
      libgfortran4.3-devel-static-4.3.2-altsisyphus+270052.300.3.1@1618582141
      libvtv10-devel-static-10.3.1-altsisyphus+281519.340.4.1@1627909997
      libubsan10-devel-static-10.3.1-altsisyphus+281519.340.4.1@1627909997
      libtsan10-devel-static-10.3.1-altsisyphus+281519.340.4.1@1627909997
      libstdc++10-devel-static-10.3.1-altsisyphus+281519.340.4.1@1627909997
      libquadmath10-devel-static-10.3.1-altsisyphus+281519.340.4.1@1627909997
      libobjc10-devel-static-10.3.1-altsisyphus+281519.340.4.1@1627909997
      liblsan10-devel-static-10.3.1-altsisyphus+281519.340.4.1@1627909997
      libitm10-devel-static-10.3.1-altsisyphus+281519.340.4.1@1627909997
      libgphobos10-devel-static-10.3.1-altsisyphus+281519.340.4.1@1627909997
      libgomp10-devel-static-10.3.1-altsisyphus+281519.340.4.1@1627909997
      libgo10-devel-static-10.3.1-altsisyphus+281519.340.4.1@1627909997
      libgnat10-devel-static-10.3.1-altsisyphus+281519.340.4.1@1627909997
      libgfortran10-devel-static-10.3.1-altsisyphus+281519.340.4.1@1627909997
      libgdruntime10-devel-static-10.3.1-altsisyphus+281519.340.4.1@1627909997
      libatomic10-devel-static-10.3.1-altsisyphus+281519.340.4.1@1627909997
      libasan10-devel-static-10.3.1-altsisyphus+281519.340.4.1@1627909997
      libfreehdl-devel-static-0.0.8-altsisyphus+269292.100.1.1@1617970616
      libmagic-devel-static-5.40-altsisyphus+282610.200.2.1@1628880555
      farmhash-devel-static-1.1-altsisyphus+233273.100.1.1@1561568913
      libf2c-ng-devel-static-20160102-altsisyphus+275718.100.1.1@1624749466
      libelf-devel-static-0.185-altsisyphus+279621.600.1.1@1626628381
      libcom_err-devel-static-1.46.2.0.16.f114-altsisyphus+278100.1000.1.1@1626056805
      duma-devel-static-2.5.15-altsisyphus+263478.100.1.1@1608047204
      libfdt-devel-static-1.6.1-altsisyphus+279647.100.1.1@1626640464
      libphobos2-devel-static-2.097.0-altsisyphus+274574.100.1.1@1623751728
      libdruntime-devel-static-2.097.0-altsisyphus+274574.100.1.1@1623751728
      libdirectfb-devel-static-1.1.0-altsisyphus+275288.100.1.2@1624473725
      libdialog-devel-static-1.3.20171209-altsisyphus+275055.100.1.1@1624395459
      libdevil-devel-static-1.7.8-altsisyphus+265780.100.1.1@1612429217
      libcurl-devel-static-7.78.0-altsisyphus+281161.100.1.1@1627408652
      libctpp-devel-static-2.7.1-alt2.qa1.sisyphus+273542.200.2.1@1622744824
      libcsrch-devel-static-1996-altsisyphus+223513.100.1.1@1551646209
      libclsync-devel-static-0.4.5-altsisyphus+281242.100.1.1@1627475323
      clanlib0.8-devel-static-0.8.1-altsisyphus+262818.100.1.1@1606915787
      libchicken-devel-static-5.2.0-altsisyphus+278396.100.1.1@1626095820
      libcheck-devel-static-0.15.2-alt1:sisyphus+278461.100.1.1@1626102414
      bzlib-devel-static-1.0.8-alt2:sisyphus+283723.100.1.1@1629847653
      libbs2b-devel-static-3.1.0-alt1.sisyphus+275044.100.1.1@1624393424
      boost-devel-static-1.77.0-alt1:sisyphus+283131.100.2.1@1629377272
      libbcc-devel-static-0.19.0-alt1.sisyphus+271686.300.2.1@1622384887
      libbarcode-devel-static-0.99-altsisyphus+267721.100.2.1@1615811292
      libaudiofile-devel-static-0.3.6-altsisyphus+278167.100.2.1@1626072718
      libattr-devel-static-2.5.1-altsisyphus+283720.100.1.1@1629845562
      libatlas-devel-static-3.9.35-alt1.qasisyphus+248299.100.1.1@1584931659
      libann-devel-static-1.1.2-altsisyphus+275266.100.2.1@1624800553
      libadns-devel-static-1.6.0-altsisyphus+277982.100.1.1@1625931317
      libXaw95-devel-static-1.1-alt3@1517397033
      libSDL_sound-devel-static-1.0.3-alt5.git4a8ecdsisyphus+278696.500.4.1@1626250671
      libSDL_net-devel-static-1.2.8-alt2.git9a629dsisyphus+278696.300.4.1@1626250578
      libsdl2_sound-devel-static-1.0.4-alt2_5.hgsisyphus+257764.100.1.2@1599705985
      libGraphicsMagick-devel-static-1.3.36-alt1.sisyphus+279676.100.1.2@1626659058
      libGraphicsMagick-c++-devel-static-1.3.36-alt1.sisyphus+279676.100.1.2@1626659058
      lib4th-devel-static-3.62.2-alt1@1393439655

libdb4.7-devel-static
      libdb4.7_cxx-devel-static-4.7.25-altsisyphus+279812.100.2.1@1626734823

libdb4.8-devel-static
      libdb4.8_tcl-devel-static-4.8.30-altsisyphus+275346.100.1.2@1624487322
      libdb4.8_java-devel-static-4.8.30-altsisyphus+275346.100.1.2@1624487322
      libdb4.8_cxx-devel-static-4.8.30-altsisyphus+275346.100.1.2@1624487322

libncurses-devel-static
      libncurses++-devel-static-6.2.20210123-altsisyphus+279621.1300.1.1@1626630601

libtinfo-devel-static
      libncurses-devel-static-6.2.20210123-altsisyphus+279621.1300.1.1@1626630601
      libgpm-devel-static-1.20.1-alt18.sisyphus+278099.1500.1.1@1626028820

libuuid-devel-static
      libblkid-devel-static-2.36.1-altsisyphus+281225.100.1.1@1627470187

zlib-devel-static
      libgsoap-devel-static-2.8.102-altsisyphus+278983.100.1.1@1626350493
      binutils-devel-2.35.2-alt2:sisyphus+279617.100.1.1@1626623887

libgfortran-devel-static
      libatlas-devel-static-3.9.35-alt1.qasisyphus+248299.100.1.1@1584931659

libstdc++-devel-static
      libconfig-c++-devel-static-1.5-altsisyphus+277201.100.1.1@1625414187


